Using pre-set license
Built from '2021.1/staging' branch; Version is '2021.1.18f1 (25bdc3efbc2d) revision 2473411'; Using compiler version '192528614'; Build Type 'Release'
OS: 'Windows 10 Education; OS build 19042.1466; Version 2009; 64bit' Language: 'en' Physical Memory: 8024 MB
BatchMode: 1, IsHumanControllingUs: 0, StartBugReporterOnCrash: 0, Is64bit: 1, IsPro: 0

COMMAND LINE ARGUMENTS:
C:\Program Files\Unity\Hub\Editor\2021.1.18f1\Editor\Unity.exe
-adb2
-batchMode
-noUpm
-name
AssetImportWorker1
-projectPath
C:/temp/Unity Projects/vfx/fmp-pre/fmp-pre
-logFile
Logs/AssetImportWorker1.log
-srvPort
63941
Successfully changed project path to: C:/temp/Unity Projects/vfx/fmp-pre/fmp-pre
C:/temp/Unity Projects/vfx/fmp-pre/fmp-pre
Using Asset Import Pipeline V2.
Refreshing native plugins compatible for Editor in 293.32 ms, found 3 plugins.
Preloading 0 native plugins for Editor in 0.00 ms.
Initialize engine version: 2021.1.18f1 (25bdc3efbc2d)
[Subsystems] Discovering subsystems at path C:/Program Files/Unity/Hub/Editor/2021.1.18f1/Editor/Data/Resources/UnitySubsystems
[Subsystems] Discovering subsystems at path C:/temp/Unity Projects/vfx/fmp-pre/fmp-pre/Assets
GfxDevice: creating device client; threaded=0; jobified=0
Direct3D:
    Version:  Direct3D 11.0 [level 11.1]
    Renderer: Intel(R) UHD Graphics 630 (ID=0x3e91)
    Vendor:   Intel
    VRAM:     4012 MB
    Driver:   27.20.100.9664
Initialize mono
Mono path[0] = 'C:/Program Files/Unity/Hub/Editor/2021.1.18f1/Editor/Data/Managed'
Mono path[1] = 'C:/Program Files/Unity/Hub/Editor/2021.1.18f1/Editor/Data/MonoBleedingEdge/lib/mono/unityjit'
Mono config path = 'C:/Program Files/Unity/Hub/Editor/2021.1.18f1/Editor/Data/MonoBleedingEdge/etc'
Using monoOptions --debugger-agent=transport=dt_socket,embedding=1,server=y,suspend=n,address=127.0.0.1:56220
Begin MonoManager ReloadAssembly
Registering precompiled unity dll's ...
Register platform support module: C:/Program Files/Unity/Hub/Editor/2021.1.18f1/Editor/Data/PlaybackEngines/WindowsStandaloneSupport/UnityEditor.WindowsStandalone.Extensions.dll
Registered in 0.002550 seconds.
Native extension for WindowsStandalone target not found
Refreshing native plugins compatible for Editor in 268.31 ms, found 3 plugins.
Preloading 0 native plugins for Editor in 0.00 ms.
Mono: successfully reloaded assembly
- Completed reload, in  5.023 seconds
Domain Reload Profiling:
	ReloadAssembly (5024ms)
		BeginReloadAssembly (148ms)
			ExecutionOrderSort (0ms)
			DisableScriptedObjects (0ms)
			BackupInstance (0ms)
			ReleaseScriptingObjects (0ms)
			CreateAndSetChildDomain (1ms)
		EndReloadAssembly (1042ms)
			LoadAssemblies (145ms)
			RebuildTransferFunctionScriptingTraits (0ms)
			SetupTypeCache (344ms)
			ReleaseScriptCaches (0ms)
			RebuildScriptCaches (52ms)
			SetupLoadedEditorAssemblies (552ms)
				LogAssemblyErrors (0ms)
				InitializePlatformSupportModulesInManaged (7ms)
				SetLoadedEditorAssemblies (0ms)
				RefreshPlugins (268ms)
				BeforeProcessingInitializeOnLoad (3ms)
				ProcessInitializeOnLoadAttributes (207ms)
				ProcessInitializeOnLoadMethodAttributes (65ms)
				AfterProcessingInitializeOnLoad (0ms)
				EditorAssembliesLoaded (2ms)
			ExecutionOrderSort2 (0ms)
			AwakeInstancesAfterBackupRestoration (0ms)
Platform modules already initialized, skipping
Registering precompiled user dll's ...
Registered in 0.007891 seconds.
Begin MonoManager ReloadAssembly
Symbol file LoadedFromMemory doesn't match image C:\temp\Unity Projects\vfx\fmp-pre\fmp-pre\Library\PackageCache\com.unity.visualscripting@1.6.1\Editor\VisualScripting.Core\Dependencies\YamlDotNet\Unity.VisualScripting.YamlDotNet.dll
Symbol file LoadedFromMemory doesn't match image C:\temp\Unity Projects\vfx\fmp-pre\fmp-pre\Library\PackageCache\com.unity.visualscripting@1.6.1\Editor\VisualScripting.Core\Dependencies\DotNetZip\Unity.VisualScripting.IonicZip.dll
Native extension for WindowsStandalone target not found
Refreshing native plugins compatible for Editor in 253.24 ms, found 3 plugins.
Preloading 0 native plugins for Editor in 0.00 ms.
Mono: successfully reloaded assembly
- Completed reload, in  3.419 seconds
Domain Reload Profiling:
	ReloadAssembly (3420ms)
		BeginReloadAssembly (377ms)
			ExecutionOrderSort (0ms)
			DisableScriptedObjects (7ms)
			BackupInstance (0ms)
			ReleaseScriptingObjects (0ms)
			CreateAndSetChildDomain (85ms)
		EndReloadAssembly (2921ms)
			LoadAssemblies (218ms)
			RebuildTransferFunctionScriptingTraits (0ms)
			SetupTypeCache (1035ms)
			ReleaseScriptCaches (1ms)
			RebuildScriptCaches (168ms)
			SetupLoadedEditorAssemblies (1248ms)
				LogAssemblyErrors (0ms)
				InitializePlatformSupportModulesInManaged (6ms)
				SetLoadedEditorAssemblies (1ms)
				RefreshPlugins (254ms)
				BeforeProcessingInitializeOnLoad (199ms)
				ProcessInitializeOnLoadAttributes (768ms)
				ProcessInitializeOnLoadMethodAttributes (10ms)
				AfterProcessingInitializeOnLoad (11ms)
				EditorAssembliesLoaded (1ms)
			ExecutionOrderSort2 (0ms)
			AwakeInstancesAfterBackupRestoration (18ms)
Platform modules already initialized, skipping
========================================================================
Worker process is ready to serve import requests
Launched and connected shader compiler UnityShaderCompiler.exe after 0.17 seconds
Refreshing native plugins compatible for Editor in 2.12 ms, found 3 plugins.
Preloading 0 native plugins for Editor in 0.00 ms.
Unloading 4967 Unused Serialized files (Serialized files now loaded: 0)
System memory in use before: 187.5 MB.
System memory in use after: 187.7 MB.

Unloading 23 unused Assets to reduce memory usage. Loaded Objects now: 5415.
Total: 4.903500 ms (FindLiveObjects: 0.412100 ms CreateObjectMapping: 0.316100 ms MarkObjects: 4.068500 ms  DeleteObjects: 0.105600 ms)

AssetImportParameters requested are different than current active one (requested -> active):
  custom:framework-win-MediaFoundation: 216162199b28c13a410421893ffa2e32 -> 
  custom:video-decoder-ogg-theora: a1e56fd34408186e4bbccfd4996cb3dc -> 
  custom:container-muxer-webm: aa71ff27fc2769a1b78a27578f13a17b -> 
  custom:container-demuxer-webm: 4f35f7cbe854078d1ac9338744f61a02 -> 
  custom:container-demuxer-ogg: 62fdf1f143b41e24485cea50d1cbac27 -> 
  custom:video-encoder-webm-vp8: eb34c28f22e8b96e1ab97ce403110664 -> 
  custom:video-decoder-webm-vp8: 9c59270c3fd7afecdb556c50c9e8de78 -> 
  custom:audio-decoder-ogg-vorbis: bf7c407c2cedff20999df2af8eb42d56 -> 
  custom:audio-encoder-webm-vorbis: bf7c407c2cedff20999df2af8eb42d56 -> 
========================================================================
Received Import Request.
  path: Assets/Packages/Sprites/d7hftxdivxxvm.cloudfront.net.png
  artifactKey: Guid(5f217f2c28cdcbd4bb0d20d7d0476b08) Importer(815301076,1909f56bfc062723c751e8b465ee728b)
Start importing Assets/Packages/Sprites/d7hftxdivxxvm.cloudfront.net.png using Guid(5f217f2c28cdcbd4bb0d20d7d0476b08) Importer(815301076,1909f56bfc062723c751e8b465ee728b)  -> (artifact id: 'fd93fb5f70f8a758c6603ef27ee0f436') in 0.314287 seconds 
========================================================================
Received Import Request.
  Time since last request: 0.000331 seconds.
  path: Assets/Packages/Sprites/New TMP Color Gradient.asset
  artifactKey: Guid(2c010bdce3cd01749bf5c4f5d55255ab) Importer(815301076,1909f56bfc062723c751e8b465ee728b)
Start importing Assets/Packages/Sprites/New TMP Color Gradient.asset using Guid(2c010bdce3cd01749bf5c4f5d55255ab) Importer(815301076,1909f56bfc062723c751e8b465ee728b)  -> (artifact id: 'e88e793820f7a4e31a38bcbd1bc5e337') in 0.029974 seconds 
========================================================================
Received Import Request.
  Time since last request: 0.000330 seconds.
  path: Assets/Packages/Sprites/365427.png
  artifactKey: Guid(b089ae73a51d50f44b97849529c06c0b) Importer(815301076,1909f56bfc062723c751e8b465ee728b)
Start importing Assets/Packages/Sprites/365427.png using Guid(b089ae73a51d50f44b97849529c06c0b) Importer(815301076,1909f56bfc062723c751e8b465ee728b)  -> (artifact id: '75d48bbaf89080fad7dfbedc02f55451') in 0.116483 seconds 
========================================================================
Received Import Request.
  Time since last request: 0.001411 seconds.
  path: Assets/Packages/Sprites/Cool Text - Volume 403241391445557.png
  artifactKey: Guid(d9c4b7b80e244cd478473c9e6f183497) Importer(815301076,1909f56bfc062723c751e8b465ee728b)
Start importing Assets/Packages/Sprites/Cool Text - Volume 403241391445557.png using Guid(d9c4b7b80e244cd478473c9e6f183497) Importer(815301076,1909f56bfc062723c751e8b465ee728b)  -> (artifact id: 'f88e73b1072ff9f900d9dd054758dd0f') in 0.163792 seconds 
========================================================================
Received Import Request.
  Time since last request: 0.000313 seconds.
  path: Assets/Packages/Sprites/DeutscheZierschrift.ttf
  artifactKey: Guid(0a5e914062d20a94ba4a8b3acadc394a) Importer(815301076,1909f56bfc062723c751e8b465ee728b)
Start importing Assets/Packages/Sprites/DeutscheZierschrift.ttf using Guid(0a5e914062d20a94ba4a8b3acadc394a) Importer(815301076,1909f56bfc062723c751e8b465ee728b)  -> (artifact id: '5955b4e7f8206fea58e3e69be2373a52') in 0.546917 seconds 
========================================================================
Received Import Request.
  Time since last request: 0.001506 seconds.
  path: Assets/Packages/Sprites/Cool Text - Hunt 403205216475440.png
  artifactKey: Guid(eef4008527dd6174bb57fb2b53b7d2e8) Importer(815301076,1909f56bfc062723c751e8b465ee728b)
Start importing Assets/Packages/Sprites/Cool Text - Hunt 403205216475440.png using Guid(eef4008527dd6174bb57fb2b53b7d2e8) Importer(815301076,1909f56bfc062723c751e8b465ee728b)  -> (artifact id: '2554841ab00178666fe42d7de9d68ded') in 0.088924 seconds 
========================================================================
Received Import Request.
  Time since last request: 0.001303 seconds.
  path: Assets/Packages/Sprites/gradients.png
  artifactKey: Guid(c98bfb0f8366e584483e36d2284164e4) Importer(815301076,1909f56bfc062723c751e8b465ee728b)
Start importing Assets/Packages/Sprites/gradients.png using Guid(c98bfb0f8366e584483e36d2284164e4) Importer(815301076,1909f56bfc062723c751e8b465ee728b)  -> (artifact id: 'a6abaebe97ad92e52bbef668f31790ae') in 0.045376 seconds 
========================================================================
Received Import Request.
  Time since last request: 0.000278 seconds.
  path: Assets/Packages/Sprites/Cool Text - Continue 403239461642560.png
  artifactKey: Guid(95047f7504bf43a448087bdfdf773fce) Importer(815301076,1909f56bfc062723c751e8b465ee728b)
Start importing Assets/Packages/Sprites/Cool Text - Continue 403239461642560.png using Guid(95047f7504bf43a448087bdfdf773fce) Importer(815301076,1909f56bfc062723c751e8b465ee728b)  -> (artifact id: '5e2df842111f57595124495e1e5c4a32') in 0.127623 seconds 
========================================================================
Received Import Request.
  Time since last request: 0.000294 seconds.
  path: Assets/Packages/Sprites/Cool Text - Fullscreen 403241413103166.png
  artifactKey: Guid(a8a63ee0bab6ee14290f2fca878c99f9) Importer(815301076,1909f56bfc062723c751e8b465ee728b)
Start importing Assets/Packages/Sprites/Cool Text - Fullscreen 403241413103166.png using Guid(a8a63ee0bab6ee14290f2fca878c99f9) Importer(815301076,1909f56bfc062723c751e8b465ee728b)  -> (artifact id: '2572ff69a3b10ad89e470ba13a7d2329') in 0.115718 seconds 
========================================================================
Received Import Request.
  Time since last request: 0.001633 seconds.
  path: Assets/Packages/Ghost Ball.vfx
  artifactKey: Guid(a9e88c612764acf4b9ed766a68ceb95e) Importer(815301076,1909f56bfc062723c751e8b465ee728b)
Start importing Assets/Packages/Ghost Ball.vfx using Guid(a9e88c612764acf4b9ed766a68ceb95e) Importer(815301076,1909f56bfc062723c751e8b465ee728b)  -> (artifact id: 'ab8a9c3e20d3e57942793c57adc8cfa8') in 0.016084 seconds 
========================================================================
Received Import Request.
  Time since last request: 0.001425 seconds.
  path: Assets/Packages/Sprites/eldrich-monster-sketch.png
  artifactKey: Guid(0960341bc90fd0544a1bfea487d9a3a6) Importer(815301076,1909f56bfc062723c751e8b465ee728b)
Start importing Assets/Packages/Sprites/eldrich-monster-sketch.png using Guid(0960341bc90fd0544a1bfea487d9a3a6) Importer(815301076,1909f56bfc062723c751e8b465ee728b)  -> (artifact id: 'd18062f91324676884c72e7c34cb1e48') in 0.045013 seconds 
========================================================================
Received Import Request.
  Time since last request: 0.000778 seconds.
  path: Assets/Packages/Sprites/knight-sketch.png
  artifactKey: Guid(50f1684446725ad46a8b48bd472ecc0d) Importer(815301076,1909f56bfc062723c751e8b465ee728b)
Start importing Assets/Packages/Sprites/knight-sketch.png using Guid(50f1684446725ad46a8b48bd472ecc0d) Importer(815301076,1909f56bfc062723c751e8b465ee728b)  -> (artifact id: '8253e110980421d505ce4c5f5510775d') in 0.044947 seconds 
========================================================================
Received Import Request.
  Time since last request: 0.000365 seconds.
  path: Assets/Packages/Sprites/hb_led_01a.png
  artifactKey: Guid(3b425ee501e673f4989ed036084049d5) Importer(815301076,1909f56bfc062723c751e8b465ee728b)
Start importing Assets/Packages/Sprites/hb_led_01a.png using Guid(3b425ee501e673f4989ed036084049d5) Importer(815301076,1909f56bfc062723c751e8b465ee728b)  -> (artifact id: '503bcd7e96ef2f23650ab513e2cb6ec5') in 0.017070 seconds 
========================================================================
Received Import Request.
  Time since last request: 0.000251 seconds.
  path: Assets/Packages/Sprites/Cool Text - Graphics 403241424940213.png
  artifactKey: Guid(a4778f59d7a537f40bcf39b4335028fd) Importer(815301076,1909f56bfc062723c751e8b465ee728b)
Start importing Assets/Packages/Sprites/Cool Text - Graphics 403241424940213.png using Guid(a4778f59d7a537f40bcf39b4335028fd) Importer(815301076,1909f56bfc062723c751e8b465ee728b)  -> (artifact id: 'ef24c8f4aa879510954469845b238980') in 0.016907 seconds 
========================================================================
Received Import Request.
  Time since last request: 0.000230 seconds.
  path: Assets/Packages/Sprites/Cool Text - New Game 403239476552545.png
  artifactKey: Guid(3a784832edc6bf843aad22875934694d) Importer(815301076,1909f56bfc062723c751e8b465ee728b)
Start importing Assets/Packages/Sprites/Cool Text - New Game 403239476552545.png using Guid(3a784832edc6bf843aad22875934694d) Importer(815301076,1909f56bfc062723c751e8b465ee728b)  -> (artifact id: '2da32db094378175140e23fedf5f1eb5') in 0.023571 seconds 
========================================================================
Received Import Request.
  Time since last request: 0.000310 seconds.
  path: Assets/Packages/Sprites/paper background.png
  artifactKey: Guid(1110185a271c6a84da6b2bde42af8273) Importer(815301076,1909f56bfc062723c751e8b465ee728b)
Start importing Assets/Packages/Sprites/paper background.png using Guid(1110185a271c6a84da6b2bde42af8273) Importer(815301076,1909f56bfc062723c751e8b465ee728b)  -> (artifact id: 'a105209b012e80ffc714cee847ad2c92') in 0.022934 seconds 
========================================================================
Received Import Request.
  Time since last request: 0.000235 seconds.
  path: Assets/Packages/Sprites/RPG_GUI_v1.png
  artifactKey: Guid(740105c15bfa15e4fb2be595df0cff27) Importer(815301076,1909f56bfc062723c751e8b465ee728b)
Start importing Assets/Packages/Sprites/RPG_GUI_v1.png using Guid(740105c15bfa15e4fb2be595df0cff27) Importer(815301076,1909f56bfc062723c751e8b465ee728b)  -> (artifact id: '260898fa6efe92084641d93be0edd78f') in 0.261698 seconds 
========================================================================
Received Import Request.
  Time since last request: 0.000290 seconds.
  path: Assets/Packages/Magic Wall.vfx
  artifactKey: Guid(46ed3525c529fb440961e62a21e4c417) Importer(815301076,1909f56bfc062723c751e8b465ee728b)
Start importing Assets/Packages/Magic Wall.vfx using Guid(46ed3525c529fb440961e62a21e4c417) Importer(815301076,1909f56bfc062723c751e8b465ee728b)  -> (artifact id: '250465d9d7af56b6349b9fa72becde1e') in 0.007869 seconds 
========================================================================
Received Import Request.
  Time since last request: 0.000230 seconds.
  path: Assets/Packages/Smoke.vfx
  artifactKey: Guid(35aa47c772434c5489a959ebfe96a1e6) Importer(815301076,1909f56bfc062723c751e8b465ee728b)
Start importing Assets/Packages/Smoke.vfx using Guid(35aa47c772434c5489a959ebfe96a1e6) Importer(815301076,1909f56bfc062723c751e8b465ee728b)  -> (artifact id: '7d2bc4cd0d43b0a920b1df9330f6cb2f') in 0.007665 seconds 
========================================================================
Received Import Request.
  Time since last request: 0.000254 seconds.
  path: Assets/Packages/Sprites/menu-musicv4.mp3
  artifactKey: Guid(2e315ce2c6736124b8474fdbfe926a41) Importer(815301076,1909f56bfc062723c751e8b465ee728b)
Start importing Assets/Packages/Sprites/menu-musicv4.mp3 using Guid(2e315ce2c6736124b8474fdbfe926a41) Importer(815301076,1909f56bfc062723c751e8b465ee728b)  -> (artifact id: '95f73906c416c13703b8caced596c789') in 0.033988 seconds 
========================================================================
Received Import Request.
  Time since last request: 0.000273 seconds.
  path: Assets/Packages/Sprites/Cool Text - Back 403241531430163.png
  artifactKey: Guid(c63b7958d9a23694098781a57023e748) Importer(815301076,1909f56bfc062723c751e8b465ee728b)
Start importing Assets/Packages/Sprites/Cool Text - Back 403241531430163.png using Guid(c63b7958d9a23694098781a57023e748) Importer(815301076,1909f56bfc062723c751e8b465ee728b)  -> (artifact id: 'adc222d13a775c223a33d0683be75957') in 0.015752 seconds 
========================================================================
Received Import Request.
  Time since last request: 0.000258 seconds.
  path: Assets/Packages/Sprites/menu-music.mp3
  artifactKey: Guid(949c33e3c26b76e449045ed7fa54e0b3) Importer(815301076,1909f56bfc062723c751e8b465ee728b)
Start importing Assets/Packages/Sprites/menu-music.mp3 using Guid(949c33e3c26b76e449045ed7fa54e0b3) Importer(815301076,1909f56bfc062723c751e8b465ee728b)  -> (artifact id: '8a310e10f97e0351680491b50205d6a0') in 0.018081 seconds 
========================================================================
Received Import Request.
  Time since last request: 0.000269 seconds.
  path: Assets/Packages/Sprites/DeutscheZierschrift SDF.asset
  artifactKey: Guid(05f2c22595f2151468827ff135e22c11) Importer(815301076,1909f56bfc062723c751e8b465ee728b)
Start importing Assets/Packages/Sprites/DeutscheZierschrift SDF.asset using Guid(05f2c22595f2151468827ff135e22c11) Importer(815301076,1909f56bfc062723c751e8b465ee728b)  -> (artifact id: 'f0d531f5c8af468beb30732130fc631b') in 0.060415 seconds 
========================================================================
Received Import Request.
  Time since last request: 0.000261 seconds.
  path: Assets/Packages/Sprites/Cool Text - Quit 403205291747371.png
  artifactKey: Guid(57b157005083a7b4ba7e9947e39b3790) Importer(815301076,1909f56bfc062723c751e8b465ee728b)
Start importing Assets/Packages/Sprites/Cool Text - Quit 403205291747371.png using Guid(57b157005083a7b4ba7e9947e39b3790) Importer(815301076,1909f56bfc062723c751e8b465ee728b)  -> (artifact id: 'bc53be7ffb941485bf6626c51134c152') in 0.016653 seconds 
========================================================================
Received Import Request.
  Time since last request: 0.000304 seconds.
  path: Assets/Packages/Sprites/Cool Text - Play 403205263207577.png
  artifactKey: Guid(6f275cbf0abc0a34bbe1668f80a6c9a1) Importer(815301076,1909f56bfc062723c751e8b465ee728b)
Start importing Assets/Packages/Sprites/Cool Text - Play 403205263207577.png using Guid(6f275cbf0abc0a34bbe1668f80a6c9a1) Importer(815301076,1909f56bfc062723c751e8b465ee728b)  -> (artifact id: '433d4032f7521c4749b01b411edb219d') in 0.025213 seconds 
========================================================================
Received Import Request.
  Time since last request: 0.000320 seconds.
  path: Assets/Packages/Sprites/Cool Text - Settings 403205274653776.png
  artifactKey: Guid(788f1e068d67ec241a59f5e55b9175dd) Importer(815301076,1909f56bfc062723c751e8b465ee728b)
Start importing Assets/Packages/Sprites/Cool Text - Settings 403205274653776.png using Guid(788f1e068d67ec241a59f5e55b9175dd) Importer(815301076,1909f56bfc062723c751e8b465ee728b)  -> (artifact id: '07e3656d64e87aa2dc34e3eef89f6bf8') in 0.016462 seconds 
========================================================================
Received Import Request.
  Time since last request: 0.000277 seconds.
  path: Assets/UniversalRenderPipelineAsset_Renderer.asset
  artifactKey: Guid(a1c529c335114bb4387a1ab7d3353c0e) Importer(815301076,1909f56bfc062723c751e8b465ee728b)
Start importing Assets/UniversalRenderPipelineAsset_Renderer.asset using Guid(a1c529c335114bb4387a1ab7d3353c0e) Importer(815301076,1909f56bfc062723c751e8b465ee728b)  -> (artifact id: 'faaafb2dc3ca3dfbdd41c75722586731') in 0.008497 seconds 
========================================================================
Received Import Request.
  Time since last request: 0.000269 seconds.
  path: Assets/Packages/Sprites/wallpaper2you_276883.jpg
  artifactKey: Guid(003125ac0fbd7434392d1288b91ae81b) Importer(815301076,1909f56bfc062723c751e8b465ee728b)
Start importing Assets/Packages/Sprites/wallpaper2you_276883.jpg using Guid(003125ac0fbd7434392d1288b91ae81b) Importer(815301076,1909f56bfc062723c751e8b465ee728b)  -> (artifact id: 'fc1c0c83ec30469ff766908c010d3f26') in 0.023594 seconds 
========================================================================
Received Import Request.
  Time since last request: 0.000226 seconds.
  path: Assets/UniversalRenderPipelineAsset.asset
  artifactKey: Guid(cdfeb3ca3c1771746b910e36213432b0) Importer(815301076,1909f56bfc062723c751e8b465ee728b)
Start importing Assets/UniversalRenderPipelineAsset.asset using Guid(cdfeb3ca3c1771746b910e36213432b0) Importer(815301076,1909f56bfc062723c751e8b465ee728b)  -> (artifact id: '56d6d6184298698d84567db78daa1dac') in 0.007544 seconds 
========================================================================
Received Import Request.
  Time since last request: 0.000269 seconds.
  path: Assets/Scenes/VFXTesting.unity
  artifactKey: Guid(72705675983d3d242bf4ab990bec8edd) Importer(815301076,1909f56bfc062723c751e8b465ee728b)
Start importing Assets/Scenes/VFXTesting.unity using Guid(72705675983d3d242bf4ab990bec8edd) Importer(815301076,1909f56bfc062723c751e8b465ee728b)  -> (artifact id: '3e8fe120d47ce3eecd8d701a2895ebc5') in 0.007143 seconds 
========================================================================
Received Import Request.
  Time since last request: 0.000249 seconds.
  path: Assets/Packages/Portal.vfx
  artifactKey: Guid(a178e96e432f2ae469594e24bfde0081) Importer(815301076,1909f56bfc062723c751e8b465ee728b)
Start importing Assets/Packages/Portal.vfx using Guid(a178e96e432f2ae469594e24bfde0081) Importer(815301076,1909f56bfc062723c751e8b465ee728b)  -> (artifact id: '8760f3607f3ae8db221994c8751ca734') in 0.008491 seconds 
========================================================================
Received Import Request.
  Time since last request: 0.000214 seconds.
  path: Assets/Packages/Sprites/hb_01c.png
  artifactKey: Guid(b2a59d8d60395064990aa91699fb85a6) Importer(815301076,1909f56bfc062723c751e8b465ee728b)
Start importing Assets/Packages/Sprites/hb_01c.png using Guid(b2a59d8d60395064990aa91699fb85a6) Importer(815301076,1909f56bfc062723c751e8b465ee728b)  -> (artifact id: 'b4c41024cae31e3c6b4918d54377f4d0') in 0.017212 seconds 
========================================================================
Received Import Request.
  Time since last request: 0.000218 seconds.
  path: Assets/Packages/Sprites/wood background.png
  artifactKey: Guid(40e8a205d3d034e42bef63263dfa586d) Importer(815301076,1909f56bfc062723c751e8b465ee728b)
Start importing Assets/Packages/Sprites/wood background.png using Guid(40e8a205d3d034e42bef63263dfa586d) Importer(815301076,1909f56bfc062723c751e8b465ee728b)  -> (artifact id: 'e710f361e4a76f0430159c0b77492a39') in 0.019440 seconds 
========================================================================
Received Import Request.
  Time since last request: 0.000267 seconds.
  path: Assets/Scenes/SampleScene.unity
  artifactKey: Guid(9fc0d4010bbf28b4594072e72b8655ab) Importer(815301076,1909f56bfc062723c751e8b465ee728b)
Start importing Assets/Scenes/SampleScene.unity using Guid(9fc0d4010bbf28b4594072e72b8655ab) Importer(815301076,1909f56bfc062723c751e8b465ee728b)  -> (artifact id: '20e977c2dd8854b5fb6cd6baebb9b8ca') in 0.006512 seconds 
========================================================================
Received Import Request.
  Time since last request: 0.000208 seconds.
  path: Assets/Packages/Fireflies.vfx
  artifactKey: Guid(04df2590ec55d8246a49055e750208cd) Importer(815301076,1909f56bfc062723c751e8b465ee728b)
Start importing Assets/Packages/Fireflies.vfx using Guid(04df2590ec55d8246a49055e750208cd) Importer(815301076,1909f56bfc062723c751e8b465ee728b)  -> (artifact id: '7d919f2b1ef794321ddd5c621348cfe8') in 0.007381 seconds 
========================================================================
Received Import Request.
  Time since last request: 2.682538 seconds.
  path: Assets/Packages/Ghost Ball.vfx
  artifactKey: Guid(a9e88c612764acf4b9ed766a68ceb95e) Importer(815301076,1909f56bfc062723c751e8b465ee728b)
Start importing Assets/Packages/Ghost Ball.vfx using Guid(a9e88c612764acf4b9ed766a68ceb95e) Importer(815301076,1909f56bfc062723c751e8b465ee728b)  -> (artifact id: '4c6df97557dd74133d4e8c7d12b7969d') in 0.004931 seconds 
========================================================================
Received Import Request.
  Time since last request: 9.690160 seconds.
  path: Assets/Packages/Ghost Ball.vfx
  artifactKey: Guid(a9e88c612764acf4b9ed766a68ceb95e) Importer(815301076,1909f56bfc062723c751e8b465ee728b)
Start importing Assets/Packages/Ghost Ball.vfx using Guid(a9e88c612764acf4b9ed766a68ceb95e) Importer(815301076,1909f56bfc062723c751e8b465ee728b)  -> (artifact id: 'ec7b06298ffa6623e94289da2b165f76') in 0.008462 seconds 
========================================================================
Received Import Request.
  Time since last request: 44.612450 seconds.
  path: Assets/Packages/Ghost Ball.vfx
  artifactKey: Guid(a9e88c612764acf4b9ed766a68ceb95e) Importer(815301076,1909f56bfc062723c751e8b465ee728b)
Start importing Assets/Packages/Ghost Ball.vfx using Guid(a9e88c612764acf4b9ed766a68ceb95e) Importer(815301076,1909f56bfc062723c751e8b465ee728b)  -> (artifact id: '259fa6973b02743c3c5da3166dc454bf') in 0.013489 seconds 
========================================================================
Received Import Request.
  Time since last request: 14.795925 seconds.
  path: Assets/Packages/Ghost Ball.vfx
  artifactKey: Guid(a9e88c612764acf4b9ed766a68ceb95e) Importer(815301076,1909f56bfc062723c751e8b465ee728b)
Start importing Assets/Packages/Ghost Ball.vfx using Guid(a9e88c612764acf4b9ed766a68ceb95e) Importer(815301076,1909f56bfc062723c751e8b465ee728b)  -> (artifact id: '508f0fb81ced902810f3e7411055fb9c') in 0.006846 seconds 
========================================================================
Received Import Request.
  Time since last request: 123.037908 seconds.
  path: Assets/Packages/Ghost Ball.vfx
  artifactKey: Guid(a9e88c612764acf4b9ed766a68ceb95e) Importer(815301076,1909f56bfc062723c751e8b465ee728b)
Start importing Assets/Packages/Ghost Ball.vfx using Guid(a9e88c612764acf4b9ed766a68ceb95e) Importer(815301076,1909f56bfc062723c751e8b465ee728b)  -> (artifact id: '659cd5920264d5b9fa7c48550e344760') in 0.011008 seconds 
========================================================================
Received Import Request.
  Time since last request: 8.565879 seconds.
  path: Assets/Packages/Ghost Ball.vfx
  artifactKey: Guid(a9e88c612764acf4b9ed766a68ceb95e) Importer(815301076,1909f56bfc062723c751e8b465ee728b)
Start importing Assets/Packages/Ghost Ball.vfx using Guid(a9e88c612764acf4b9ed766a68ceb95e) Importer(815301076,1909f56bfc062723c751e8b465ee728b)  -> (artifact id: '315568add114b13ce5bbf3016445a551') in 0.009899 seconds 
========================================================================
Received Import Request.
  Time since last request: 4.435854 seconds.
  path: Assets/Packages/Ghost Ball.vfx
  artifactKey: Guid(a9e88c612764acf4b9ed766a68ceb95e) Importer(815301076,1909f56bfc062723c751e8b465ee728b)
Start importing Assets/Packages/Ghost Ball.vfx using Guid(a9e88c612764acf4b9ed766a68ceb95e) Importer(815301076,1909f56bfc062723c751e8b465ee728b)  -> (artifact id: 'aa2c6bb28e9363db5dcae0c10d7a7a1f') in 0.013166 seconds 
========================================================================
Received Import Request.
  Time since last request: 378.277446 seconds.
  path: Assets/Packages/Ghost Ball.vfx
  artifactKey: Guid(a9e88c612764acf4b9ed766a68ceb95e) Importer(815301076,1909f56bfc062723c751e8b465ee728b)
Start importing Assets/Packages/Ghost Ball.vfx using Guid(a9e88c612764acf4b9ed766a68ceb95e) Importer(815301076,1909f56bfc062723c751e8b465ee728b)  -> (artifact id: 'cb1975b7cf1901a52585049a89aaeb23') in 0.005457 seconds 
========================================================================
Received Import Request.
  Time since last request: 5.745866 seconds.
  path: Assets/Packages/Ghost Ball.vfx
  artifactKey: Guid(a9e88c612764acf4b9ed766a68ceb95e) Importer(815301076,1909f56bfc062723c751e8b465ee728b)
Start importing Assets/Packages/Ghost Ball.vfx using Guid(a9e88c612764acf4b9ed766a68ceb95e) Importer(815301076,1909f56bfc062723c751e8b465ee728b)  -> (artifact id: '18bd18bd465f6e72d8b777a4a0f93b7b') in 0.038631 seconds 
========================================================================
Received Import Request.
  Time since last request: 388.135458 seconds.
  path: Assets/Scripts/Helper.cs
  artifactKey: Guid(ee12cb1ad56f7a74da7e3d8dcb10e9e6) Importer(815301076,1909f56bfc062723c751e8b465ee728b)
Start importing Assets/Scripts/Helper.cs using Guid(ee12cb1ad56f7a74da7e3d8dcb10e9e6) Importer(815301076,1909f56bfc062723c751e8b465ee728b)  -> (artifact id: '78ef20d1ae4cf0278472b4555f039226') in 0.034775 seconds 
========================================================================
Received Prepare
Registering precompiled user dll's ...
Registered in 0.018553 seconds.
Begin MonoManager ReloadAssembly
Symbol file LoadedFromMemory doesn't match image C:\temp\Unity Projects\vfx\fmp-pre\fmp-pre\Library\PackageCache\com.unity.visualscripting@1.6.1\Editor\VisualScripting.Core\Dependencies\YamlDotNet\Unity.VisualScripting.YamlDotNet.dll
Symbol file LoadedFromMemory doesn't match image C:\temp\Unity Projects\vfx\fmp-pre\fmp-pre\Library\PackageCache\com.unity.visualscripting@1.6.1\Editor\VisualScripting.Core\Dependencies\DotNetZip\Unity.VisualScripting.IonicZip.dll
Native extension for WindowsStandalone target not found
Refreshing native plugins compatible for Editor in 0.97 ms, found 3 plugins.
Preloading 0 native plugins for Editor in 0.00 ms.
Mono: successfully reloaded assembly
- Completed reload, in  1.880 seconds
Domain Reload Profiling:
	ReloadAssembly (1880ms)
		BeginReloadAssembly (179ms)
			ExecutionOrderSort (0ms)
			DisableScriptedObjects (8ms)
			BackupInstance (0ms)
			ReleaseScriptingObjects (0ms)
			CreateAndSetChildDomain (55ms)
		EndReloadAssembly (1628ms)
			LoadAssemblies (135ms)
			RebuildTransferFunctionScriptingTraits (0ms)
			SetupTypeCache (547ms)
			ReleaseScriptCaches (2ms)
			RebuildScriptCaches (128ms)
			SetupLoadedEditorAssemblies (527ms)
				LogAssemblyErrors (0ms)
				InitializePlatformSupportModulesInManaged (6ms)
				SetLoadedEditorAssemblies (1ms)
				RefreshPlugins (1ms)
				BeforeProcessingInitializeOnLoad (105ms)
				ProcessInitializeOnLoadAttributes (400ms)
				ProcessInitializeOnLoadMethodAttributes (8ms)
				AfterProcessingInitializeOnLoad (7ms)
				EditorAssembliesLoaded (0ms)
			ExecutionOrderSort2 (0ms)
			AwakeInstancesAfterBackupRestoration (26ms)
Platform modules already initialized, skipping
Refreshing native plugins compatible for Editor in 1.02 ms, found 3 plugins.
Preloading 0 native plugins for Editor in 0.00 ms.
Unloading 4902 Unused Serialized files (Serialized files now loaded: 0)
System memory in use before: 208.1 MB.
System memory in use after: 208.5 MB.

Unloading 20 unused Assets to reduce memory usage. Loaded Objects now: 5946.
Total: 6.419700 ms (FindLiveObjects: 1.005000 ms CreateObjectMapping: 0.857500 ms MarkObjects: 4.264800 ms  DeleteObjects: 0.285900 ms)

AssetImportParameters requested are different than current active one (requested -> active):
  custom:framework-win-MediaFoundation: 216162199b28c13a410421893ffa2e32 -> 
  custom:video-decoder-ogg-theora: a1e56fd34408186e4bbccfd4996cb3dc -> 
  custom:container-muxer-webm: aa71ff27fc2769a1b78a27578f13a17b -> 
  custom:container-demuxer-webm: 4f35f7cbe854078d1ac9338744f61a02 -> 
  custom:container-demuxer-ogg: 62fdf1f143b41e24485cea50d1cbac27 -> 
  custom:video-encoder-webm-vp8: eb34c28f22e8b96e1ab97ce403110664 -> 
  custom:video-decoder-webm-vp8: 9c59270c3fd7afecdb556c50c9e8de78 -> 
  custom:audio-decoder-ogg-vorbis: bf7c407c2cedff20999df2af8eb42d56 -> 
  custom:audio-encoder-webm-vorbis: bf7c407c2cedff20999df2af8eb42d56 -> 
========================================================================
Received Import Request.
  Time since last request: 71.940029 seconds.
  path: Assets/Packages/Magic Wall.vfx
  artifactKey: Guid(46ed3525c529fb440961e62a21e4c417) Importer(815301076,1909f56bfc062723c751e8b465ee728b)
Start importing Assets/Packages/Magic Wall.vfx using Guid(46ed3525c529fb440961e62a21e4c417) Importer(815301076,1909f56bfc062723c751e8b465ee728b)  -> (artifact id: '27b80ee55958bc8173854155396c4610') in 0.019517 seconds 
========================================================================
Received Import Request.
  Time since last request: 0.152591 seconds.
  path: Assets/Packages/Ghost Ball.vfx
  artifactKey: Guid(a9e88c612764acf4b9ed766a68ceb95e) Importer(815301076,1909f56bfc062723c751e8b465ee728b)
Start importing Assets/Packages/Ghost Ball.vfx using Guid(a9e88c612764acf4b9ed766a68ceb95e) Importer(815301076,1909f56bfc062723c751e8b465ee728b)  -> (artifact id: '53f58003c27ccb3f27f1f662326196f2') in 0.018056 seconds 
========================================================================
Received Import Request.
  Time since last request: 14.067744 seconds.
  path: Assets/Packages/Magic Wall.vfx
  artifactKey: Guid(46ed3525c529fb440961e62a21e4c417) Importer(815301076,1909f56bfc062723c751e8b465ee728b)
Start importing Assets/Packages/Magic Wall.vfx using Guid(46ed3525c529fb440961e62a21e4c417) Importer(815301076,1909f56bfc062723c751e8b465ee728b)  -> (artifact id: '1ecdc70f151a560b1b84839439665554') in 0.007695 seconds 
========================================================================
Received Import Request.
  Time since last request: 17.466396 seconds.
  path: Packages/com.unity.visualeffectgraph/Editor/UIResources/VFX/spacelocal.png
  artifactKey: Guid(1acd6ca26a40f3e49885afad7549c9db) Importer(815301076,1909f56bfc062723c751e8b465ee728b)
Start importing Packages/com.unity.visualeffectgraph/Editor/UIResources/VFX/spacelocal.png using Guid(1acd6ca26a40f3e49885afad7549c9db) Importer(815301076,1909f56bfc062723c751e8b465ee728b)  -> (artifact id: '861324bb4b20b858437713ed13fba9d9') in 0.052807 seconds 
========================================================================
Received Import Request.
  Time since last request: 0.000300 seconds.
  path: Packages/com.unity.visualeffectgraph/Textures/Sphere.tga
  artifactKey: Guid(d01d8874889eebc4ab0cde7f2b3309de) Importer(815301076,1909f56bfc062723c751e8b465ee728b)
Start importing Packages/com.unity.visualeffectgraph/Textures/Sphere.tga using Guid(d01d8874889eebc4ab0cde7f2b3309de) Importer(815301076,1909f56bfc062723c751e8b465ee728b)  -> (artifact id: 'cf82ccf843872ccdbbc806eda6e2792f') in 0.082836 seconds 
========================================================================
Received Import Request.
  Time since last request: 0.000469 seconds.
  path: Packages/com.unity.visualeffectgraph/Editor/UIResources/VFX/spaceworld.png
  artifactKey: Guid(4a4e1ef9bae46664e9d4ceddf657236f) Importer(815301076,1909f56bfc062723c751e8b465ee728b)
Start importing Packages/com.unity.visualeffectgraph/Editor/UIResources/VFX/spaceworld.png using Guid(4a4e1ef9bae46664e9d4ceddf657236f) Importer(815301076,1909f56bfc062723c751e8b465ee728b)  -> (artifact id: '7f0aa8618dc6840e494dd8809d71b073') in 0.023645 seconds 
========================================================================
Received Import Request.
  Time since last request: 0.000285 seconds.
  path: Packages/com.unity.visualeffectgraph/Textures/Sparkle.tga
  artifactKey: Guid(49cb5aa34272b034d8b754c65d9cdbfa) Importer(815301076,1909f56bfc062723c751e8b465ee728b)
Start importing Packages/com.unity.visualeffectgraph/Textures/Sparkle.tga using Guid(49cb5aa34272b034d8b754c65d9cdbfa) Importer(815301076,1909f56bfc062723c751e8b465ee728b)  -> (artifact id: '997056dd8b5c4b7ca8fd8bc6c838fc4d') in 0.038489 seconds 
========================================================================
Received Import Request.
  Time since last request: 0.000242 seconds.
  path: Packages/com.unity.render-pipelines.universal/Editor/2D/Resources/Sparkle.png
  artifactKey: Guid(4a0aca3a5f2effb41b43cc0a1661d845) Importer(815301076,1909f56bfc062723c751e8b465ee728b)
Start importing Packages/com.unity.render-pipelines.universal/Editor/2D/Resources/Sparkle.png using Guid(4a0aca3a5f2effb41b43cc0a1661d845) Importer(815301076,1909f56bfc062723c751e8b465ee728b)  -> (artifact id: 'ab97ab8ba871690a4748485764e81e98') in 0.069201 seconds 
========================================================================
Received Import Request.
  Time since last request: 0.000242 seconds.
  path: Packages/com.unity.2d.sprite/Editor/ObjectMenuCreation/DefaultAssets/Textures/Square.png
  artifactKey: Guid(48e93eef0688c4a259cb0eddcd8661f7) Importer(815301076,1909f56bfc062723c751e8b465ee728b)
Start importing Packages/com.unity.2d.sprite/Editor/ObjectMenuCreation/DefaultAssets/Textures/Square.png using Guid(48e93eef0688c4a259cb0eddcd8661f7) Importer(815301076,1909f56bfc062723c751e8b465ee728b)  -> (artifact id: '8c2413d8ee8bb7ac79d625640ae7c62c') in 0.036191 seconds 
========================================================================
Received Import Request.
  Time since last request: 0.001353 seconds.
  path: Packages/com.unity.render-pipelines.universal/Editor/2D/Resources/SceneViewIcons/SpriteLight.png
  artifactKey: Guid(70d16a5f04690d74ab9b1ddcbefd47bb) Importer(815301076,1909f56bfc062723c751e8b465ee728b)
Start importing Packages/com.unity.render-pipelines.universal/Editor/2D/Resources/SceneViewIcons/SpriteLight.png using Guid(70d16a5f04690d74ab9b1ddcbefd47bb) Importer(815301076,1909f56bfc062723c751e8b465ee728b)  -> (artifact id: 'ee6775837a33b9d2c2036ed559e65e44') in 0.026158 seconds 
========================================================================
Received Import Request.
  Time since last request: 0.000725 seconds.
  path: Packages/com.unity.render-pipelines.universal/Editor/2D/Resources/InspectorIcons/SpriteLight.png
  artifactKey: Guid(8839c54710da3374f994e12f39b6d65f) Importer(815301076,1909f56bfc062723c751e8b465ee728b)
Start importing Packages/com.unity.render-pipelines.universal/Editor/2D/Resources/InspectorIcons/SpriteLight.png using Guid(8839c54710da3374f994e12f39b6d65f) Importer(815301076,1909f56bfc062723c751e8b465ee728b)  -> (artifact id: '4198441d1ff6d9276a761abb63025dc7') in 0.023136 seconds 
========================================================================
Received Import Request.
  Time since last request: 0.000350 seconds.
  path: Packages/com.unity.render-pipelines.universal/Textures/2D/Sparkle.png
  artifactKey: Guid(119f93d0bcbf1e743bf5fcf237507d39) Importer(815301076,1909f56bfc062723c751e8b465ee728b)
Start importing Packages/com.unity.render-pipelines.universal/Textures/2D/Sparkle.png using Guid(119f93d0bcbf1e743bf5fcf237507d39) Importer(815301076,1909f56bfc062723c751e8b465ee728b)  -> (artifact id: '3510cd807cb1df6efbe1712cde9beeaf') in 0.038653 seconds 
========================================================================
Received Import Request.
  Time since last request: 13.953479 seconds.
  path: Assets/Packages/Magic Wall.vfx
  artifactKey: Guid(46ed3525c529fb440961e62a21e4c417) Importer(815301076,1909f56bfc062723c751e8b465ee728b)
Start importing Assets/Packages/Magic Wall.vfx using Guid(46ed3525c529fb440961e62a21e4c417) Importer(815301076,1909f56bfc062723c751e8b465ee728b)  -> (artifact id: '7ead62dd19f47e8343fa6e90dc60e6f2') in 0.008953 seconds 
========================================================================
Received Import Request.
  Time since last request: 124.293612 seconds.
  path: Assets/Packages/Smoke.vfx
  artifactKey: Guid(35aa47c772434c5489a959ebfe96a1e6) Importer(815301076,1909f56bfc062723c751e8b465ee728b)
Start importing Assets/Packages/Smoke.vfx using Guid(35aa47c772434c5489a959ebfe96a1e6) Importer(815301076,1909f56bfc062723c751e8b465ee728b)  -> (artifact id: '1fea077974a46b77684e6f545072c7cf') in 0.004459 seconds 
========================================================================
Received Import Request.
  Time since last request: 0.217698 seconds.
  path: Assets/Packages/Magic Wall.vfx
  artifactKey: Guid(46ed3525c529fb440961e62a21e4c417) Importer(815301076,1909f56bfc062723c751e8b465ee728b)
Start importing Assets/Packages/Magic Wall.vfx using Guid(46ed3525c529fb440961e62a21e4c417) Importer(815301076,1909f56bfc062723c751e8b465ee728b)  -> (artifact id: '6b8e667f5d8cf7326ed917ea777621ea') in 0.004739 seconds 
========================================================================
Received Import Request.
  Time since last request: 15.219790 seconds.
  path: Assets/Packages/Fireflies.vfx
  artifactKey: Guid(04df2590ec55d8246a49055e750208cd) Importer(815301076,1909f56bfc062723c751e8b465ee728b)
Start importing Assets/Packages/Fireflies.vfx using Guid(04df2590ec55d8246a49055e750208cd) Importer(815301076,1909f56bfc062723c751e8b465ee728b)  -> (artifact id: '0645fdeddc4c4df49a61ed64314eed90') in 0.006004 seconds 
========================================================================
Received Import Request.
  Time since last request: 0.194305 seconds.
  path: Assets/Packages/Smoke.vfx
  artifactKey: Guid(35aa47c772434c5489a959ebfe96a1e6) Importer(815301076,1909f56bfc062723c751e8b465ee728b)
Start importing Assets/Packages/Smoke.vfx using Guid(35aa47c772434c5489a959ebfe96a1e6) Importer(815301076,1909f56bfc062723c751e8b465ee728b)  -> (artifact id: '67e210cb04bf35c4feed1b833fbbacf4') in 0.004292 seconds 
========================================================================
Received Import Request.
  Time since last request: 21.966787 seconds.
  path: Assets/Packages/Fireflies.vfx
  artifactKey: Guid(04df2590ec55d8246a49055e750208cd) Importer(815301076,1909f56bfc062723c751e8b465ee728b)
Start importing Assets/Packages/Fireflies.vfx using Guid(04df2590ec55d8246a49055e750208cd) Importer(815301076,1909f56bfc062723c751e8b465ee728b)  -> (artifact id: 'f7dc9fa684723f0c62694ab2304ed20c') in 0.024413 seconds 
========================================================================
Received Import Request.
  Time since last request: 9.486672 seconds.
  path: Assets/Packages/Fireflies.vfx
  artifactKey: Guid(04df2590ec55d8246a49055e750208cd) Importer(815301076,1909f56bfc062723c751e8b465ee728b)
Start importing Assets/Packages/Fireflies.vfx using Guid(04df2590ec55d8246a49055e750208cd) Importer(815301076,1909f56bfc062723c751e8b465ee728b)  -> (artifact id: '60eacf398d2ad2772e6ff536cd531c17') in 0.021073 seconds 
========================================================================
Received Import Request.
  Time since last request: 34.275923 seconds.
  path: Assets/Packages/Magic Wall.vfx
  artifactKey: Guid(46ed3525c529fb440961e62a21e4c417) Importer(815301076,1909f56bfc062723c751e8b465ee728b)
Start importing Assets/Packages/Magic Wall.vfx using Guid(46ed3525c529fb440961e62a21e4c417) Importer(815301076,1909f56bfc062723c751e8b465ee728b)  -> (artifact id: '01b2bc164e30f7eef5fc9a0c9e57eb93') in 0.015682 seconds 
========================================================================
Received Import Request.
  Time since last request: 0.000352 seconds.
  path: Assets/Packages/Fireflies.vfx
  artifactKey: Guid(04df2590ec55d8246a49055e750208cd) Importer(815301076,1909f56bfc062723c751e8b465ee728b)
Start importing Assets/Packages/Fireflies.vfx using Guid(04df2590ec55d8246a49055e750208cd) Importer(815301076,1909f56bfc062723c751e8b465ee728b)  -> (artifact id: 'ac2ad488463c61790019e0d6e9a2d97d') in 0.004207 seconds 
========================================================================
Received Import Request.
  Time since last request: 6.444171 seconds.
  path: Packages/com.unity.2d.sprite/Editor/ObjectMenuCreation/DefaultAssets/Textures/v2/Square.png
  artifactKey: Guid(311925a002f4447b3a28927169b83ea6) Importer(815301076,1909f56bfc062723c751e8b465ee728b)
Start importing Packages/com.unity.2d.sprite/Editor/ObjectMenuCreation/DefaultAssets/Textures/v2/Square.png using Guid(311925a002f4447b3a28927169b83ea6) Importer(815301076,1909f56bfc062723c751e8b465ee728b)  -> (artifact id: '35ff7919f36a3cca2d0e18a2722e71ad') in 0.038897 seconds 
========================================================================
Received Import Request.
  Time since last request: 0.000214 seconds.
  path: Packages/com.unity.2d.sprite/Editor/ObjectMenuCreation/DefaultAssets/Textures/SquareWithBorder.png
  artifactKey: Guid(db750325989564987a34393247d883b4) Importer(815301076,1909f56bfc062723c751e8b465ee728b)
Start importing Packages/com.unity.2d.sprite/Editor/ObjectMenuCreation/DefaultAssets/Textures/SquareWithBorder.png using Guid(db750325989564987a34393247d883b4) Importer(815301076,1909f56bfc062723c751e8b465ee728b)  -> (artifact id: '9aaae395781793476017a36e0d194504') in 0.060170 seconds 
========================================================================
Received Prepare
Registering precompiled user dll's ...
Registered in 0.018206 seconds.
Begin MonoManager ReloadAssembly
Symbol file LoadedFromMemory doesn't match image C:\temp\Unity Projects\vfx\fmp-pre\fmp-pre\Library\PackageCache\com.unity.visualscripting@1.6.1\Editor\VisualScripting.Core\Dependencies\YamlDotNet\Unity.VisualScripting.YamlDotNet.dll
Symbol file LoadedFromMemory doesn't match image C:\temp\Unity Projects\vfx\fmp-pre\fmp-pre\Library\PackageCache\com.unity.visualscripting@1.6.1\Editor\VisualScripting.Core\Dependencies\DotNetZip\Unity.VisualScripting.IonicZip.dll
Native extension for WindowsStandalone target not found
Refreshing native plugins compatible for Editor in 2.44 ms, found 3 plugins.
Preloading 0 native plugins for Editor in 0.00 ms.
Mono: successfully reloaded assembly
- Completed reload, in  2.971 seconds
Domain Reload Profiling:
	ReloadAssembly (2972ms)
		BeginReloadAssembly (280ms)
			ExecutionOrderSort (0ms)
			DisableScriptedObjects (16ms)
			BackupInstance (0ms)
			ReleaseScriptingObjects (0ms)
			CreateAndSetChildDomain (97ms)
		EndReloadAssembly (2562ms)
			LoadAssemblies (229ms)
			RebuildTransferFunctionScriptingTraits (0ms)
			SetupTypeCache (926ms)
			ReleaseScriptCaches (2ms)
			RebuildScriptCaches (163ms)
			SetupLoadedEditorAssemblies (901ms)
				LogAssemblyErrors (0ms)
				InitializePlatformSupportModulesInManaged (8ms)
				SetLoadedEditorAssemblies (3ms)
				RefreshPlugins (3ms)
				BeforeProcessingInitializeOnLoad (156ms)
				ProcessInitializeOnLoadAttributes (706ms)
				ProcessInitializeOnLoadMethodAttributes (14ms)
				AfterProcessingInitializeOnLoad (11ms)
				EditorAssembliesLoaded (0ms)
			ExecutionOrderSort2 (0ms)
			AwakeInstancesAfterBackupRestoration (55ms)
Platform modules already initialized, skipping
Refreshing native plugins compatible for Editor in 1.04 ms, found 3 plugins.
Preloading 0 native plugins for Editor in 0.00 ms.
Unloading 4888 Unused Serialized files (Serialized files now loaded: 0)
System memory in use before: 212.4 MB.
System memory in use after: 212.9 MB.

Unloading 18 unused Assets to reduce memory usage. Loaded Objects now: 6117.
Total: 11.025600 ms (FindLiveObjects: 0.663500 ms CreateObjectMapping: 0.552500 ms MarkObjects: 9.747300 ms  DeleteObjects: 0.060300 ms)

AssetImportParameters requested are different than current active one (requested -> active):
  custom:framework-win-MediaFoundation: 216162199b28c13a410421893ffa2e32 -> 
  custom:video-decoder-ogg-theora: a1e56fd34408186e4bbccfd4996cb3dc -> 
  custom:container-muxer-webm: aa71ff27fc2769a1b78a27578f13a17b -> 
  custom:container-demuxer-webm: 4f35f7cbe854078d1ac9338744f61a02 -> 
  custom:container-demuxer-ogg: 62fdf1f143b41e24485cea50d1cbac27 -> 
  custom:video-encoder-webm-vp8: eb34c28f22e8b96e1ab97ce403110664 -> 
  custom:video-decoder-webm-vp8: 9c59270c3fd7afecdb556c50c9e8de78 -> 
  custom:audio-decoder-ogg-vorbis: bf7c407c2cedff20999df2af8eb42d56 -> 
  custom:audio-encoder-webm-vorbis: bf7c407c2cedff20999df2af8eb42d56 -> 
========================================================================
Received Import Request.
  Time since last request: 79.733156 seconds.
  path: Assets/Packages/Ghost Ball.vfx
  artifactKey: Guid(a9e88c612764acf4b9ed766a68ceb95e) Importer(815301076,1909f56bfc062723c751e8b465ee728b)
Start importing Assets/Packages/Ghost Ball.vfx using Guid(a9e88c612764acf4b9ed766a68ceb95e) Importer(815301076,1909f56bfc062723c751e8b465ee728b)  -> (artifact id: '93ac7fa2509fdd780c1fdf22881110e2') in 0.035063 seconds 
========================================================================
Received Import Request.
  Time since last request: 52.721425 seconds.
  path: Assets/Packages/Ghost Ball.vfx
  artifactKey: Guid(a9e88c612764acf4b9ed766a68ceb95e) Importer(815301076,1909f56bfc062723c751e8b465ee728b)
Start importing Assets/Packages/Ghost Ball.vfx using Guid(a9e88c612764acf4b9ed766a68ceb95e) Importer(815301076,1909f56bfc062723c751e8b465ee728b)  -> (artifact id: '42fcb97e8c22ea92ea01b16b72ac705f') in 0.032550 seconds 
========================================================================
Received Import Request.
  Time since last request: 18.784095 seconds.
  path: Assets/Packages/Ghost Ball.vfx
  artifactKey: Guid(a9e88c612764acf4b9ed766a68ceb95e) Importer(815301076,1909f56bfc062723c751e8b465ee728b)
Start importing Assets/Packages/Ghost Ball.vfx using Guid(a9e88c612764acf4b9ed766a68ceb95e) Importer(815301076,1909f56bfc062723c751e8b465ee728b)  -> (artifact id: '2e7a5d3b3e22379386bde606bef55db9') in 0.013967 seconds 
========================================================================
Received Import Request.
  Time since last request: 34.281392 seconds.
  path: Assets/Packages/Ghost Ball.vfx
  artifactKey: Guid(a9e88c612764acf4b9ed766a68ceb95e) Importer(815301076,1909f56bfc062723c751e8b465ee728b)
Start importing Assets/Packages/Ghost Ball.vfx using Guid(a9e88c612764acf4b9ed766a68ceb95e) Importer(815301076,1909f56bfc062723c751e8b465ee728b)  -> (artifact id: 'ab99bb88c52081dbb09256a3a6722ad5') in 0.023348 seconds 
========================================================================
Received Import Request.
  Time since last request: 6.382919 seconds.
  path: Assets/Packages/Ghost Ball.vfx
  artifactKey: Guid(a9e88c612764acf4b9ed766a68ceb95e) Importer(815301076,1909f56bfc062723c751e8b465ee728b)
Start importing Assets/Packages/Ghost Ball.vfx using Guid(a9e88c612764acf4b9ed766a68ceb95e) Importer(815301076,1909f56bfc062723c751e8b465ee728b)  -> (artifact id: '1a513661b2a252a0fe1299fd4b095b2b') in 0.023671 seconds 
========================================================================
Received Import Request.
  Time since last request: 2.234189 seconds.
  path: Assets/Packages/Ghost Ball.vfx
  artifactKey: Guid(a9e88c612764acf4b9ed766a68ceb95e) Importer(815301076,1909f56bfc062723c751e8b465ee728b)
Start importing Assets/Packages/Ghost Ball.vfx using Guid(a9e88c612764acf4b9ed766a68ceb95e) Importer(815301076,1909f56bfc062723c751e8b465ee728b)  -> (artifact id: '570248044f6264d49d38512cb8f29fe5') in 0.019822 seconds 
========================================================================
Received Import Request.
  Time since last request: 61.498026 seconds.
  path: Assets/Packages/Ghost Ball.vfx
  artifactKey: Guid(a9e88c612764acf4b9ed766a68ceb95e) Importer(815301076,1909f56bfc062723c751e8b465ee728b)
Start importing Assets/Packages/Ghost Ball.vfx using Guid(a9e88c612764acf4b9ed766a68ceb95e) Importer(815301076,1909f56bfc062723c751e8b465ee728b)  -> (artifact id: '640b63fa537ad4f2876bc95b2e8c6cc8') in 0.005714 seconds 
========================================================================
Received Import Request.
  Time since last request: 13.352692 seconds.
  path: Assets/Packages/Ghost Ball.vfx
  artifactKey: Guid(a9e88c612764acf4b9ed766a68ceb95e) Importer(815301076,1909f56bfc062723c751e8b465ee728b)
Start importing Assets/Packages/Ghost Ball.vfx using Guid(a9e88c612764acf4b9ed766a68ceb95e) Importer(815301076,1909f56bfc062723c751e8b465ee728b)  -> (artifact id: 'eb2f6a3824b37021a06a29c63e9f8211') in 0.019824 seconds 
========================================================================
Received Import Request.
  Time since last request: 11.033722 seconds.
  path: Assets/Packages/Ghost Ball.vfx
  artifactKey: Guid(a9e88c612764acf4b9ed766a68ceb95e) Importer(815301076,1909f56bfc062723c751e8b465ee728b)
Start importing Assets/Packages/Ghost Ball.vfx using Guid(a9e88c612764acf4b9ed766a68ceb95e) Importer(815301076,1909f56bfc062723c751e8b465ee728b)  -> (artifact id: '4162571092cb759383225284f9e911ba') in 0.017489 seconds 
========================================================================
Received Import Request.
  Time since last request: 240.177491 seconds.
  path: Assets/Packages/New VFX 1.vfx
  artifactKey: Guid(f44bf2b498881c34f8887a38e74a7aca) Importer(815301076,1909f56bfc062723c751e8b465ee728b)
Start importing Assets/Packages/New VFX 1.vfx using Guid(f44bf2b498881c34f8887a38e74a7aca) Importer(815301076,1909f56bfc062723c751e8b465ee728b)  -> (artifact id: '83baa9969999f3a5773fba3b2d75e30f') in 0.040326 seconds 
========================================================================
Received Import Request.
  Time since last request: 0.000715 seconds.
  path: Assets/Packages/New VFX.vfx
  artifactKey: Guid(8cde7fce38f496c43a699d6cc97d1992) Importer(815301076,1909f56bfc062723c751e8b465ee728b)
Start importing Assets/Packages/New VFX.vfx using Guid(8cde7fce38f496c43a699d6cc97d1992) Importer(815301076,1909f56bfc062723c751e8b465ee728b)  -> (artifact id: '5a001bb88b873e6081ea0aacc274707c') in 0.014473 seconds 
========================================================================
Received Import Request.
  Time since last request: 0.001257 seconds.
  path: Assets/Packages/New VFX 2.vfx
  artifactKey: Guid(733b4fb918fe62544a6aac444f905938) Importer(815301076,1909f56bfc062723c751e8b465ee728b)
Start importing Assets/Packages/New VFX 2.vfx using Guid(733b4fb918fe62544a6aac444f905938) Importer(815301076,1909f56bfc062723c751e8b465ee728b)  -> (artifact id: 'b646514ae7281294aa4ea6743b91a185') in 0.037312 seconds 
========================================================================
Received Import Request.
  Time since last request: 69.381434 seconds.
  path: Assets/Packages/New VFX 2.vfx
  artifactKey: Guid(733b4fb918fe62544a6aac444f905938) Importer(815301076,1909f56bfc062723c751e8b465ee728b)
Start importing Assets/Packages/New VFX 2.vfx using Guid(733b4fb918fe62544a6aac444f905938) Importer(815301076,1909f56bfc062723c751e8b465ee728b)  -> (artifact id: '22736cca60b1636feae48f402823e256') in 0.010289 seconds 
========================================================================
Received Import Request.
  Time since last request: 0.197292 seconds.
  path: Assets/Packages/Ghost Ball.vfx
  artifactKey: Guid(a9e88c612764acf4b9ed766a68ceb95e) Importer(815301076,1909f56bfc062723c751e8b465ee728b)
Start importing Assets/Packages/Ghost Ball.vfx using Guid(a9e88c612764acf4b9ed766a68ceb95e) Importer(815301076,1909f56bfc062723c751e8b465ee728b)  -> (artifact id: 'b6685afaf338d1f5a7dc2599703a9318') in 0.005634 seconds 
========================================================================
Received Import Request.
  Time since last request: 39.934179 seconds.
  path: Assets/Packages/New VFX 2.vfx
  artifactKey: Guid(733b4fb918fe62544a6aac444f905938) Importer(815301076,1909f56bfc062723c751e8b465ee728b)
Start importing Assets/Packages/New VFX 2.vfx using Guid(733b4fb918fe62544a6aac444f905938) Importer(815301076,1909f56bfc062723c751e8b465ee728b)  -> (artifact id: 'bd50c151998ddbd824239c15ff0de57b') in 0.027235 seconds 
========================================================================
Received Import Request.
  Time since last request: 34.438005 seconds.
  path: Assets/Packages/New VFX 2.vfx
  artifactKey: Guid(733b4fb918fe62544a6aac444f905938) Importer(815301076,1909f56bfc062723c751e8b465ee728b)
Start importing Assets/Packages/New VFX 2.vfx using Guid(733b4fb918fe62544a6aac444f905938) Importer(815301076,1909f56bfc062723c751e8b465ee728b)  -> (artifact id: 'ed35374dbe498bec38ef807bce1c3dc6') in 0.063028 seconds 
========================================================================
Received Import Request.
  Time since last request: 33.193639 seconds.
  path: Assets/Packages/New VFX 2.vfx
  artifactKey: Guid(733b4fb918fe62544a6aac444f905938) Importer(815301076,1909f56bfc062723c751e8b465ee728b)
Start importing Assets/Packages/New VFX 2.vfx using Guid(733b4fb918fe62544a6aac444f905938) Importer(815301076,1909f56bfc062723c751e8b465ee728b)  -> (artifact id: '9591c4dbead0bd838b32e3941a0afa2f') in 0.014923 seconds 
========================================================================
Received Import Request.
  Time since last request: 6.990384 seconds.
  path: Assets/Packages/New VFX 2.vfx
  artifactKey: Guid(733b4fb918fe62544a6aac444f905938) Importer(815301076,1909f56bfc062723c751e8b465ee728b)
Start importing Assets/Packages/New VFX 2.vfx using Guid(733b4fb918fe62544a6aac444f905938) Importer(815301076,1909f56bfc062723c751e8b465ee728b)  -> (artifact id: '4301fcce14ea4f9fb43c0cceb8041472') in 0.014411 seconds 
========================================================================
Received Import Request.
  Time since last request: 1.864571 seconds.
  path: Assets/Packages/New VFX 2.vfx
  artifactKey: Guid(733b4fb918fe62544a6aac444f905938) Importer(815301076,1909f56bfc062723c751e8b465ee728b)
Start importing Assets/Packages/New VFX 2.vfx using Guid(733b4fb918fe62544a6aac444f905938) Importer(815301076,1909f56bfc062723c751e8b465ee728b)  -> (artifact id: '433931151d955d39337a4b206223284e') in 0.026428 seconds 
========================================================================
Received Import Request.
  Time since last request: 4.158543 seconds.
  path: Assets/Packages/New VFX 2.vfx
  artifactKey: Guid(733b4fb918fe62544a6aac444f905938) Importer(815301076,1909f56bfc062723c751e8b465ee728b)
Start importing Assets/Packages/New VFX 2.vfx using Guid(733b4fb918fe62544a6aac444f905938) Importer(815301076,1909f56bfc062723c751e8b465ee728b)  -> (artifact id: 'b280aa9f88a22ee18bbf1d111eea1022') in 0.017736 seconds 
========================================================================
Received Import Request.
  Time since last request: 5.389143 seconds.
  path: Assets/Packages/New VFX 2.vfx
  artifactKey: Guid(733b4fb918fe62544a6aac444f905938) Importer(815301076,1909f56bfc062723c751e8b465ee728b)
Start importing Assets/Packages/New VFX 2.vfx using Guid(733b4fb918fe62544a6aac444f905938) Importer(815301076,1909f56bfc062723c751e8b465ee728b)  -> (artifact id: '04d6da0f3e5f80fba273cb1cbed5a6a8') in 0.016733 seconds 
========================================================================
Received Import Request.
  Time since last request: 4.987083 seconds.
  path: Assets/Packages/New VFX 2.vfx
  artifactKey: Guid(733b4fb918fe62544a6aac444f905938) Importer(815301076,1909f56bfc062723c751e8b465ee728b)
Start importing Assets/Packages/New VFX 2.vfx using Guid(733b4fb918fe62544a6aac444f905938) Importer(815301076,1909f56bfc062723c751e8b465ee728b)  -> (artifact id: '4542ecf22ab86610d15106b499f86fe5') in 0.014198 seconds 
========================================================================
Received Import Request.
  Time since last request: 50.468860 seconds.
  path: Assets/Packages/New VFX 2.vfx
  artifactKey: Guid(733b4fb918fe62544a6aac444f905938) Importer(815301076,1909f56bfc062723c751e8b465ee728b)
Start importing Assets/Packages/New VFX 2.vfx using Guid(733b4fb918fe62544a6aac444f905938) Importer(815301076,1909f56bfc062723c751e8b465ee728b)  -> (artifact id: 'fecda546c0de072ad8970948eb3ad40e') in 0.047095 seconds 
========================================================================
Received Import Request.
  Time since last request: 2.733158 seconds.
  path: Assets/Packages/New VFX 2.vfx
  artifactKey: Guid(733b4fb918fe62544a6aac444f905938) Importer(815301076,1909f56bfc062723c751e8b465ee728b)
Start importing Assets/Packages/New VFX 2.vfx using Guid(733b4fb918fe62544a6aac444f905938) Importer(815301076,1909f56bfc062723c751e8b465ee728b)  -> (artifact id: '9840551401f21bee06c322a7c30b5675') in 0.006098 seconds 
========================================================================
Received Import Request.
  Time since last request: 154.536883 seconds.
  path: Assets/Packages/New VFX 1.vfx
  artifactKey: Guid(f44bf2b498881c34f8887a38e74a7aca) Importer(815301076,1909f56bfc062723c751e8b465ee728b)
Start importing Assets/Packages/New VFX 1.vfx using Guid(f44bf2b498881c34f8887a38e74a7aca) Importer(815301076,1909f56bfc062723c751e8b465ee728b)  -> (artifact id: '8053fe017e3b24850e747eeefc525324') in 0.005895 seconds 
========================================================================
Received Import Request.
  Time since last request: 0.499324 seconds.
  path: Assets/Packages/New VFX 2.vfx
  artifactKey: Guid(733b4fb918fe62544a6aac444f905938) Importer(815301076,1909f56bfc062723c751e8b465ee728b)
Start importing Assets/Packages/New VFX 2.vfx using Guid(733b4fb918fe62544a6aac444f905938) Importer(815301076,1909f56bfc062723c751e8b465ee728b)  -> (artifact id: '3390d79a4eef0b81ffe30c6da804f19f') in 0.018197 seconds 
========================================================================
Received Import Request.
  Time since last request: 28.701397 seconds.
  path: Assets/Packages/New VFX.vfx
  artifactKey: Guid(8cde7fce38f496c43a699d6cc97d1992) Importer(815301076,1909f56bfc062723c751e8b465ee728b)
Start importing Assets/Packages/New VFX.vfx using Guid(8cde7fce38f496c43a699d6cc97d1992) Importer(815301076,1909f56bfc062723c751e8b465ee728b)  -> (artifact id: '22efc5fea6004bdb851c65db751fe992') in 0.014131 seconds 
========================================================================
Received Import Request.
  Time since last request: 45.573656 seconds.
  path: Assets/Packages/New VFX 2.vfx
  artifactKey: Guid(733b4fb918fe62544a6aac444f905938) Importer(815301076,1909f56bfc062723c751e8b465ee728b)
Start importing Assets/Packages/New VFX 2.vfx using Guid(733b4fb918fe62544a6aac444f905938) Importer(815301076,1909f56bfc062723c751e8b465ee728b)  -> (artifact id: 'a2e97f2f7276e4bd390c8888526b1069') in 0.014112 seconds 
========================================================================
Received Import Request.
  Time since last request: 16.182996 seconds.
  path: Assets/Packages/New VFX 1.vfx
  artifactKey: Guid(f44bf2b498881c34f8887a38e74a7aca) Importer(815301076,1909f56bfc062723c751e8b465ee728b)
Start importing Assets/Packages/New VFX 1.vfx using Guid(f44bf2b498881c34f8887a38e74a7aca) Importer(815301076,1909f56bfc062723c751e8b465ee728b)  -> (artifact id: '97044b75a78344a5e0b92e826828b112') in 0.079854 seconds 
========================================================================
Received Import Request.
  Time since last request: 22.683565 seconds.
  path: Assets/Packages/New VFX 1.vfx
  artifactKey: Guid(f44bf2b498881c34f8887a38e74a7aca) Importer(815301076,1909f56bfc062723c751e8b465ee728b)
Start importing Assets/Packages/New VFX 1.vfx using Guid(f44bf2b498881c34f8887a38e74a7aca) Importer(815301076,1909f56bfc062723c751e8b465ee728b)  -> (artifact id: 'a8aaa8f7d3d6561b0266874c0b4456c6') in 0.041005 seconds 
========================================================================
Received Import Request.
  Time since last request: 46.799175 seconds.
  path: Assets/Packages/New VFX 1.vfx
  artifactKey: Guid(f44bf2b498881c34f8887a38e74a7aca) Importer(815301076,1909f56bfc062723c751e8b465ee728b)
Start importing Assets/Packages/New VFX 1.vfx using Guid(f44bf2b498881c34f8887a38e74a7aca) Importer(815301076,1909f56bfc062723c751e8b465ee728b)  -> (artifact id: '9f955f2ac3e389c7bee413619bbb36a5') in 0.017616 seconds 
========================================================================
Received Import Request.
  Time since last request: 973.548052 seconds.
  path: Assets/Packages/New VFX 1.vfx
  artifactKey: Guid(f44bf2b498881c34f8887a38e74a7aca) Importer(815301076,1909f56bfc062723c751e8b465ee728b)
Start importing Assets/Packages/New VFX 1.vfx using Guid(f44bf2b498881c34f8887a38e74a7aca) Importer(815301076,1909f56bfc062723c751e8b465ee728b)  -> (artifact id: '454fe1f591553272f0a0f155ec2f5b35') in 0.063907 seconds 
========================================================================
Received Import Request.
  Time since last request: 18168.490884 seconds.
  path: Assets/Packages/New VFX 2.vfx
  artifactKey: Guid(733b4fb918fe62544a6aac444f905938) Importer(815301076,1909f56bfc062723c751e8b465ee728b)
Start importing Assets/Packages/New VFX 2.vfx using Guid(733b4fb918fe62544a6aac444f905938) Importer(815301076,1909f56bfc062723c751e8b465ee728b)  -> (artifact id: '1f796d1c9a8f9fd4866f8d7c85544ccb') in 0.074030 seconds 
========================================================================
Received Import Request.
  Time since last request: 117.443556 seconds.
  path: Assets/Packages/New VFX 2.vfx
  artifactKey: Guid(733b4fb918fe62544a6aac444f905938) Importer(815301076,1909f56bfc062723c751e8b465ee728b)
Start importing Assets/Packages/New VFX 2.vfx using Guid(733b4fb918fe62544a6aac444f905938) Importer(815301076,1909f56bfc062723c751e8b465ee728b)  -> (artifact id: 'b16f8a9d5e4b710c3166384d72846171') in 0.051627 seconds 
========================================================================
Received Import Request.
  Time since last request: 54.116446 seconds.
  path: Assets/Packages/New VFX 2.vfx
  artifactKey: Guid(733b4fb918fe62544a6aac444f905938) Importer(815301076,1909f56bfc062723c751e8b465ee728b)
Start importing Assets/Packages/New VFX 2.vfx using Guid(733b4fb918fe62544a6aac444f905938) Importer(815301076,1909f56bfc062723c751e8b465ee728b)  -> (artifact id: '65bf19a4cf954ed6534b36280a7bf4e1') in 0.062181 seconds 
========================================================================
Received Import Request.
  Time since last request: 146.367914 seconds.
  path: Assets/Packages/New VFX 2.vfx
  artifactKey: Guid(733b4fb918fe62544a6aac444f905938) Importer(815301076,1909f56bfc062723c751e8b465ee728b)
Start importing Assets/Packages/New VFX 2.vfx using Guid(733b4fb918fe62544a6aac444f905938) Importer(815301076,1909f56bfc062723c751e8b465ee728b)  -> (artifact id: '0d59d02e6563c8e1c3775089031c9d01') in 0.045657 seconds 
========================================================================
Received Import Request.
  Time since last request: 87.483775 seconds.
  path: Assets/Packages/New VFX 2.vfx
  artifactKey: Guid(733b4fb918fe62544a6aac444f905938) Importer(815301076,1909f56bfc062723c751e8b465ee728b)
Start importing Assets/Packages/New VFX 2.vfx using Guid(733b4fb918fe62544a6aac444f905938) Importer(815301076,1909f56bfc062723c751e8b465ee728b)  -> (artifact id: '7254a1ba1172e32e8d3493e10799f6be') in 0.053203 seconds 
========================================================================
Received Import Request.
  Time since last request: 0.041027 seconds.
  path: Assets/Packages/Portal.vfx
  artifactKey: Guid(a178e96e432f2ae469594e24bfde0081) Importer(815301076,1909f56bfc062723c751e8b465ee728b)
Start importing Assets/Packages/Portal.vfx using Guid(a178e96e432f2ae469594e24bfde0081) Importer(815301076,1909f56bfc062723c751e8b465ee728b)  -> (artifact id: '652150a9f06109d458a0664e5be0c16a') in 0.073210 seconds 
========================================================================
Received Import Request.
  Time since last request: 157.604027 seconds.
  path: Assets/Packages/Portal.vfx
  artifactKey: Guid(a178e96e432f2ae469594e24bfde0081) Importer(815301076,1909f56bfc062723c751e8b465ee728b)
Start importing Assets/Packages/Portal.vfx using Guid(a178e96e432f2ae469594e24bfde0081) Importer(815301076,1909f56bfc062723c751e8b465ee728b)  -> (artifact id: 'f65f053ade731edc371c55e1161a0faf') in 0.257485 seconds 
========================================================================
Received Import Request.
  Time since last request: 106.705891 seconds.
  path: Assets/Packages/Portal.vfx
  artifactKey: Guid(a178e96e432f2ae469594e24bfde0081) Importer(815301076,1909f56bfc062723c751e8b465ee728b)
Start importing Assets/Packages/Portal.vfx using Guid(a178e96e432f2ae469594e24bfde0081) Importer(815301076,1909f56bfc062723c751e8b465ee728b)  -> (artifact id: 'e174b6ea6055a8839cd7598d877a5152') in 0.021644 seconds 
========================================================================
Received Import Request.
  Time since last request: 244.437780 seconds.
  path: Assets/Packages/Portal.vfx
  artifactKey: Guid(a178e96e432f2ae469594e24bfde0081) Importer(815301076,1909f56bfc062723c751e8b465ee728b)
Start importing Assets/Packages/Portal.vfx using Guid(a178e96e432f2ae469594e24bfde0081) Importer(815301076,1909f56bfc062723c751e8b465ee728b)  -> (artifact id: '9ff1af2b15c9dbc34a6ad4e971ad8b6e') in 0.183782 seconds 
========================================================================
Received Import Request.
  Time since last request: 60.213233 seconds.
  path: Assets/Packages/Portal.vfx
  artifactKey: Guid(a178e96e432f2ae469594e24bfde0081) Importer(815301076,1909f56bfc062723c751e8b465ee728b)
Start importing Assets/Packages/Portal.vfx using Guid(a178e96e432f2ae469594e24bfde0081) Importer(815301076,1909f56bfc062723c751e8b465ee728b)  -> (artifact id: '64f5d3bbd43a5faedb5489a317a19c5c') in 0.078100 seconds 
========================================================================
Received Import Request.
  Time since last request: 1488.654695 seconds.
  path: Assets/Packages/Fireflies.vfx
  artifactKey: Guid(04df2590ec55d8246a49055e750208cd) Importer(815301076,1909f56bfc062723c751e8b465ee728b)
Start importing Assets/Packages/Fireflies.vfx using Guid(04df2590ec55d8246a49055e750208cd) Importer(815301076,1909f56bfc062723c751e8b465ee728b)  -> (artifact id: '45f2a625308ac09e52aa8d7df1c7e205') in 0.014881 seconds 
========================================================================
Received Import Request.
  Time since last request: 0.000897 seconds.
  path: Assets/Packages/New VFX 1.vfx
  artifactKey: Guid(f44bf2b498881c34f8887a38e74a7aca) Importer(815301076,1909f56bfc062723c751e8b465ee728b)
Start importing Assets/Packages/New VFX 1.vfx using Guid(f44bf2b498881c34f8887a38e74a7aca) Importer(815301076,1909f56bfc062723c751e8b465ee728b)  -> (artifact id: 'bdc8f70f116de1334718da10c099684e') in 0.024961 seconds 
========================================================================
Received Import Request.
  Time since last request: 0.000280 seconds.
  path: Assets/Packages/Ghost Ball.vfx
  artifactKey: Guid(a9e88c612764acf4b9ed766a68ceb95e) Importer(815301076,1909f56bfc062723c751e8b465ee728b)
Start importing Assets/Packages/Ghost Ball.vfx using Guid(a9e88c612764acf4b9ed766a68ceb95e) Importer(815301076,1909f56bfc062723c751e8b465ee728b)  -> (artifact id: 'fdf96dd5c60a911eea423db51773a7de') in 0.017370 seconds 
========================================================================
Received Import Request.
  Time since last request: 0.001207 seconds.
  path: Assets/Packages/New VFX.vfx
  artifactKey: Guid(8cde7fce38f496c43a699d6cc97d1992) Importer(815301076,1909f56bfc062723c751e8b465ee728b)
Start importing Assets/Packages/New VFX.vfx using Guid(8cde7fce38f496c43a699d6cc97d1992) Importer(815301076,1909f56bfc062723c751e8b465ee728b)  -> (artifact id: '966df7eae3b217bb114af5ea364627fd') in 0.048635 seconds 
========================================================================
Received Import Request.
  Time since last request: 0.000321 seconds.
  path: Assets/Packages/Magic Wall.vfx
  artifactKey: Guid(46ed3525c529fb440961e62a21e4c417) Importer(815301076,1909f56bfc062723c751e8b465ee728b)
Start importing Assets/Packages/Magic Wall.vfx using Guid(46ed3525c529fb440961e62a21e4c417) Importer(815301076,1909f56bfc062723c751e8b465ee728b)  -> (artifact id: '5034ddf92d8ff3326d6e00df3a3f5045') in 0.046034 seconds 
========================================================================
Received Import Request.
  Time since last request: 0.000808 seconds.
  path: Assets/Packages/Smoke.vfx
  artifactKey: Guid(35aa47c772434c5489a959ebfe96a1e6) Importer(815301076,1909f56bfc062723c751e8b465ee728b)
Start importing Assets/Packages/Smoke.vfx using Guid(35aa47c772434c5489a959ebfe96a1e6) Importer(815301076,1909f56bfc062723c751e8b465ee728b)  -> (artifact id: 'da3e62dd2547d066e6354f49dd702bc5') in 0.026314 seconds 
========================================================================
Received Import Request.
  Time since last request: 0.000571 seconds.
  path: Assets/Packages/New VFX 2.vfx
  artifactKey: Guid(733b4fb918fe62544a6aac444f905938) Importer(815301076,1909f56bfc062723c751e8b465ee728b)
Start importing Assets/Packages/New VFX 2.vfx using Guid(733b4fb918fe62544a6aac444f905938) Importer(815301076,1909f56bfc062723c751e8b465ee728b)  -> (artifact id: '940992cbd04926fde049062a1d6c4876') in 0.026357 seconds 
========================================================================
Received Import Request.
  Time since last request: 0.000932 seconds.
  path: Assets/Packages/Portal.vfx
  artifactKey: Guid(a178e96e432f2ae469594e24bfde0081) Importer(815301076,1909f56bfc062723c751e8b465ee728b)
Start importing Assets/Packages/Portal.vfx using Guid(a178e96e432f2ae469594e24bfde0081) Importer(815301076,1909f56bfc062723c751e8b465ee728b)  -> (artifact id: '4ff2bcbc1df9eccabf8ee79784a3417b') in 0.031256 seconds 
========================================================================
Received Import Request.
  Time since last request: 10.820799 seconds.
  path: Assets/Packages/Portal.vfx
  artifactKey: Guid(a178e96e432f2ae469594e24bfde0081) Importer(815301076,1909f56bfc062723c751e8b465ee728b)
Start importing Assets/Packages/Portal.vfx using Guid(a178e96e432f2ae469594e24bfde0081) Importer(815301076,1909f56bfc062723c751e8b465ee728b)  -> (artifact id: '09dc401f04ddfbe545f94f32233882d8') in 0.009117 seconds 
AssetImportWorkerClient::OnTransportError - code=2 error=End of file
